2013-08-11 15:46:03,052 - sauce_connect:554 - INFO - / Starting \
2013-08-11 15:46:03,055 - sauce_connect:555 - INFO - Please wait for "You may start your tests" to start your tests.
2013-08-11 15:46:03,062 - sauce_connect:567 - DEBUG - System is 2.0 hours off UTC
2013-08-11 15:46:03,063 - sauce_connect:569 - DEBUG - options: {'user': 'openwebcraft', 'ports': ['58838'], 'domains': ['sauce-connect.proxy'], 'debug_ssh': False, 'tunnel_ports': ['80'], 'allow_unclean_exit': False, 'rest_url': 'https://saucelabs.com/rest/v1', 'logfile': 'sauce_connect.log', 'squid_opts': '', 'ssh': False, 'se_port': '4445', 'readyfile': 'sauce_connect.ready', 'shared_tunnel': False, 'boost_mode': True, 'tunnel_identifier': '', 'ssh_port': 443, 'fast_fail_regexps': '', 'direct_domains': '', 'host': '127.0.0.1', 'quiet': False, 'latency_log': 150, 'use_ssh_config': False}
2013-08-11 15:46:03,073 - sauce_connect:570 - DEBUG - metadata: {'PythonVersion': '2.5.1', 'OwnerHost': '127.0.0.1', 'Release': '3.0-r25', 'OwnerPorts': ['58838'], 'Ports': ['80'], 'Platform': 'Java-1.6.0_51-Java_HotSpot-TM-_64-Bit_Server_VM,_20.51-b01-457,_Apple_Inc.-on-Mac_OS_X-10.8.4-x86_64', 'Build': '38', 'ScriptRelease': 38, 'ScriptName': 'sauce_connect'}
2013-08-11 15:46:03,076 - sauce_connect:572 - INFO - Forwarding: ['sauce-connect.proxy']:['80'] -> 127.0.0.1:['58838']
2013-08-11 15:46:03,088 - sauce_connect:371 - INFO - Succesfully connected to local server 127.0.0.1:58838 in 6ms
2013-08-11 15:46:03,855 - sauce_connect:234 - INFO - {"squid_config":null,"use_caching_proxy":true,"metadata":{"PythonVersion":"2.5.1","OwnerHost":"127.0.0.1","Release":"3.0-r25","OwnerPorts":["58838"],"Ports":["80"],"Platform":"Java-1.6.0_51-Java_HotSpot-TM-_64-Bit_Server_VM,_20.51-b01-457,_Apple_Inc.-on-Mac_OS_X-10.8.4-x86_64","Build":"38","ScriptRelease":38,"ScriptName":"sauce_connect"},"use_kgp":true,"tunnel_identifier":"","shared_tunnel":false,"fast_fail_regexps":null,"ssh_port":443,"direct_domains":null,"domain_names":["sauce-connect.proxy"]}
2013-08-11 15:46:07,467 - sauce_connect:246 - INFO - Tunnel remote VM is provisioned (86ed3c112fcf45b1b67baa91adf1f11a)
2013-08-11 15:46:07,743 - sauce_connect:264 - INFO - Tunnel remote VM is booting ..
2013-08-11 15:46:40,483 - sauce_connect:268 - INFO - Tunnel remote VM is running at maki13006.miso.saucelabs.com
2013-08-11 15:46:40,500 - sauce_connect:371 - INFO - Succesfully connected to local server 127.0.0.1:58838 in 0ms
2013-08-11 15:46:40,505 - sauce_connect:642 - INFO - Starting connection to tunnel host...
2013-08-11 15:46:40,506 - sauce_connect:642 - INFO - Connecting to tunnel host maki13006.miso.saucelabs.com as openwebcraft
2013-08-11 15:46:40,665 - sauce_connect:642 - INFO - Forwarding Selenium with ephemeral port 58864
2013-08-11 15:46:40,673 - sauce_connect:642 - INFO - Selenium HTTP proxy listening on port 4445
2013-08-11 15:46:41,711 - sauce_connect:0 - INFO - Successful handshake with Sauce Connect server
2013-08-11 15:46:41,904 - sauce_connect:0 - INFO - Tunnel host version: 0.1.0, remote endpoint ID: 3d28fb59ed064f6aa9d6ef9baf5022f7
2013-08-11 15:46:41,907 - sauce_connect:642 - INFO - Connected! You may start your tests.
2013-08-11 15:46:56,723 - sauce_connect:0 - INFO - GET http://google.com/ -> 301 (191ms)
2013-08-11 15:46:57,542 - sauce_connect:0 - INFO - GET http://www.google.com/ -> 302 (428ms)
2013-08-11 15:46:58,614 - sauce_connect:0 - INFO - GET http://www.google.de/?gws_rd=cr -> 200 (510ms)
2013-08-11 15:46:59,460 - sauce_connect:0 - INFO - GET http://www.google.de/images/icons/product/chrome-48.png -> 200 (40ms)
2013-08-11 15:46:59,559 - sauce_connect:0 - INFO - GET http://www.google.de/images/srpr/logo4w.png -> 200 (137ms)
2013-08-11 15:46:59,680 - sauce_connect:0 - INFO - GET http://www.google.de/xjs/_/js/k=xjs.s.en_US.ciY8R2R6XC8.O/m=c,sb,cr,epb,jp,r,hsm,j,p,pcc,csi/am=AIo/rt=j/d=1/sv=1/rs=AItRSTMDL-KNhvkNCpchDjzacWu64IVaMw -> 200 (231ms)
2013-08-11 15:46:59,752 - sauce_connect:0 - INFO - GET http://ssl.gstatic.com/gb/images/k1_a31af7ac.png -> 200 (498ms)
2013-08-11 15:47:00,588 - sauce_connect:0 - INFO - GET http://www.google.de/extern_chrome/139c5466472c8f87.js?bav=on.2,or.r_qf. -> 200 (74ms)
2013-08-11 15:47:00,779 - sauce_connect:0 - INFO - GET http://www.google.de/xjs/_/js/k=xjs.s.en_US.ciY8R2R6XC8.O/m=sy5,cdos,gf,vm,sy53,sy100,sy101,sy157,tbui,mb,sy73,sy74,sy76,sy78,sy75,sy79,sy120,sy141,sy77,sy130,sy142,wobnm,sy98,sy121,cfm,sy46,abd,sy20,sy63,sy57,sy59,sy15,sy64,sy58,sy60,sy61,sy65,sy68,sy66,sy67,sy69,sy45,sy49,sy70,sy71,sy12,sy96,sy81,sy54,sy62,sy82,sy97,sy99,sy102,sy103,sy105,sy104,llc,foot,idck,sy26,bihu,sy43,sy135,kp,sy143,sy145,lu,m,sy128,sy155,tnv,sy89,sy91,ttbcdr,adp,sy24,sy106,async,erh,hv,sy27,jsaleg,lc,ob,sf,sy114,sfa,tbpr,sy92,tr/am=AIo/rt=j/d=0/sv=1/rs=AItRSTMDL-KNhvkNCpchDjzacWu64IVaMw -> 200 (208ms)
2013-08-11 15:47:00,785 - sauce_connect:0 - INFO - GET http://www.google.de/gen_204?atyp=i&ct=&cad=&vet=10CAYQ-Cc&ei=zpUHUtrZIcTTsgak-4G4Aw&zx=1376228815712 -> 204 (67ms)
2013-08-11 15:47:00,786 - sauce_connect:0 - INFO - GET http://www.google.com/textinputassistant/tia.png -> 200 (69ms)
2013-08-11 15:47:02,352 - sauce_connect:0 - INFO - GET http://www.google.de/favicon.ico -> 200 (38ms)
2013-08-11 15:47:02,387 - sauce_connect:0 - INFO - GET http://www.google.de/images/nav_logo140.png -> 200 (71ms)
2013-08-11 15:47:02,388 - sauce_connect:0 - INFO - GET http://www.google.de/gen_204?v=3&s=webhp&action=&e=17259,4000116,4001015,4002855,4004949,4004953,4005875,4006037,4006727,4007045,4007080,4007232,4007638,4007661,4007714,4007779,4007830,4007862,4008067,4008133,4008142,4008210,4008298,4008424,4008488,4008502,4008561,4008567,4008673,4008725,4008799,4008807,4008826,4008941,4009002,4009004,4009017,4009085,4009107,4009201,4009277,4009282,4009366&ei=zpUHUtrZIcTTsgak-4G4Aw&imc=1&imn=1&imp=1&dM=10&atyp=csi&adh=&rt=xjsls.528,prt.530,xjses.1617,xjsee.1805,xjs.1841,ol.3475,iml.835,wsrt.2340,cst.0,dnst.0,rqst.1312,rspt.465 -> 204 (51ms)
2013-08-11 15:47:02,397 - sauce_connect:0 - INFO - GET http://ssl.gstatic.com/gb/js/sem_fdb7b7e6ea17d20e7cd8c7ac0255cfa3.js -> 200 (58ms)
2013-08-11 15:47:04,368 - sauce_connect:0 - INFO - GET http://www.google.de/gen_204?atyp=i&ct=idck&cad=&ei=zpUHUtrZIcTTsgak-4G4Aw&zx=1376228819413 -> 204 (41ms)
2013-08-11 15:47:06,539 - sauce_connect:0 - INFO - GET http://www.google.de/s?gs_rn=24&gs_ri=psy-ab&cp=1&gs_id=2&xhr=t&q=t&es_nrs=true&pf=p&output=search&sclient=psy-ab&oq=&gs_l=&pbx=1&bav=on.2,or.r_qf.&bvm=bv.50500085,d.Yms&fp=139c5466472c8f87&biw=1024&bih=712&tch=1&ech=1&psi=zpUHUtrZIcTTsgak-4G4Aw.1376228815576.1 -> 200 (49ms)
2013-08-11 15:47:06,969 - sauce_connect:0 - INFO - GET http://www.google.de/gen_204?atyp=i&ct=1&cad=1&rsm=6&ei=zpUHUtrZIcTTsgak-4G4Aw&zx=1376228821923 -> 204 (83ms)
2013-08-11 15:47:07,081 - sauce_connect:0 - INFO - GET http://www.google.de/s?gs_rn=24&gs_ri=psy-ab&cp=10&gs_id=11&xhr=t&q=the%20answer&es_nrs=true&pf=p&output=search&sclient=psy-ab&oq=&gs_l=&pbx=1&bav=on.2,or.r_qf.&bvm=bv.50500085,d.Yms&fp=139c5466472c8f87&biw=1024&bih=712&tch=1&ech=2&psi=zpUHUtrZIcTTsgak-4G4Aw.1376228815576.1 -> 200 (396ms)
2013-08-11 15:47:07,154 - sauce_connect:0 - INFO - GET http://www.google.de/s?gs_rn=24&gs_ri=psy-ab&cp=34&gs_id=3p&xhr=t&q=the%20answer%20to%20the%20question%20of%20life&es_nrs=true&pf=p&output=search&sclient=psy-ab&oq=&gs_l=&pbx=1&bav=on.2,or.r_qf.&bvm=bv.50500085,d.Yms&fp=139c5466472c8f87&biw=1024&bih=712&tch=1&ech=5&psi=zpUHUtrZIcTTsgak-4G4Aw.1376228815576.1 -> 200 (68ms)
2013-08-11 15:47:07,194 - sauce_connect:0 - INFO - GET http://www.google.de/s?gs_rn=24&gs_ri=psy-ab&cp=17&gs_id=1r&xhr=t&q=the%20answer%20to%20the&es_nrs=true&pf=p&output=search&sclient=psy-ab&oq=&gs_l=&pbx=1&bav=on.2,or.r_qf.&bvm=bv.50500085,d.Yms&fp=139c5466472c8f87&biw=1024&bih=712&tch=1&ech=3&psi=zpUHUtrZIcTTsgak-4G4Aw.1376228815576.1 -> 200 (358ms)
2013-08-11 15:47:07,247 - sauce_connect:0 - INFO - GET http://www.google.de/s?gs_rn=24&gs_ri=psy-ab&cp=31&gs_id=3b&xhr=t&q=the%20answer%20to%20the%20question%20of%20l&es_nrs=true&pf=p&output=search&sclient=psy-ab&oq=&gs_l=&pbx=1&bav=on.2,or.r_qf.&bvm=bv.50500085,d.Yms&fp=139c5466472c8f87&biw=1024&bih=712&tch=1&ech=4&psi=zpUHUtrZIcTTsgak-4G4Aw.1376228815576.1 -> 200 (362ms)
2013-08-11 15:47:07,984 - sauce_connect:0 - INFO - GET http://www.google.de/xjs/_/js/k=xjs.s.en_US.ciY8R2R6XC8.O/m=sy94,wta,adct,sy162,vs/am=AIo/rt=j/d=0/sv=1/rs=AItRSTMDL-KNhvkNCpchDjzacWu64IVaMw -> 200 (37ms)
2013-08-11 15:47:08,151 - sauce_connect:0 - INFO - GET http://www.google.de/gen_204?atyp=i&ct=&cad=&vet=10CC4Q-Cc&ei=1pUHUoHUO4nVswaa_YGwBA&zx=1376228823037 -> 204 (44ms)
2013-08-11 15:47:08,157 - sauce_connect:0 - INFO - GET http://www.google.de/gen_204?v=3&s=web&action=&ei=1pUHUoHUO4nVswaa_YGwBA&e=17259,4000116,4001015,4002855,4004949,4004953,4005875,4006037,4006727,4007045,4007080,4007232,4007638,4007661,4007714,4007779,4007830,4007862,4008067,4008133,4008142,4008210,4008298,4008424,4008488,4008502,4008561,4008567,4008673,4008725,4008799,4008807,4008826,4008941,4009002,4009004,4009017,4009085,4009107,4009201,4009277,4009282,4009366&cr=c&imp=0&pf=1&pfa=n.5,ttfc.556,ttlc.0,cbt.165&pfm=n.5,ttfc.862,ttlc.0,cbt.165&pmd=max.40,avg.3,0,0,0,0,0,0,0,0,2,10,0,0,0,0,6,0,0,40,11,0&imn=5&dM=10&atyp=csi&adh=&rt=prt.384,pprt.385,ol.385,jsrt.753,iml.387,kpr.1132,bpl.11096 -> 204 (50ms)
2013-08-11 15:47:11,338 - sauce_connect:0 - INFO - GET http://ssl.gstatic.com/ui/v1/menu/checkmark2.png -> 200 (57ms)
2013-08-11 15:47:11,529 - sauce_connect:0 - INFO - GET http://www.google.de/gen_204?atyp=i&ct=1&cad=1&sqi=1&q=the%20answer%20to%20the%20question%20of%20life%20the%20universe%20and%20everything&oq=the%20answer%20to%20the%20question%20of%20life&gs_l=hp.10..0i19l3j0i22i30i19.5888.6291.0.10785.34.5.0.0.0.2.890.3364.3-1j0j1j3.5.0....0...1c.1.24.psy-ab..31.3.1648.ZPBKXCZMY3U&ei=1pUHUoHUO4nVswaa_YGwBA&zx=1376228826469 -> 204 (48ms)
2013-08-11 15:47:23,950 - sauce_connect:0 - INFO - GET http://www.google.com/ -> 302 (82ms)
2013-08-11 15:47:24,413 - sauce_connect:0 - INFO - GET http://www.google.de/?gws_rd=cr -> 200 (154ms)
2013-08-11 15:47:25,308 - sauce_connect:0 - INFO - GET http://www.google.de/images/srpr/logo4w.png -> 200 (87ms)
2013-08-11 15:47:25,430 - sauce_connect:0 - INFO - GET http://www.google.de/extern_chrome/18d7a1af6dcefcd7.js?bav=on.2,or.r_qf. -> 200 (167ms)
2013-08-11 15:47:25,490 - sauce_connect:0 - INFO - GET http://www.google.de/gen_204?atyp=i&ct=&cad=&vet=10CAYQ-Cc&ei=6JUHUr3cFYfXsgbtgoGgAg&zx=1376228839248 -> 204 (72ms)
2013-08-11 15:47:25,677 - sauce_connect:0 - INFO - GET http://www.google.de/xjs/_/js/k=xjs.s.en_US.ciY8R2R6XC8.O/m=sy5,cdos,gf,vm,sy53,sy100,sy101,sy157,tbui,mb,sy73,sy74,sy76,sy78,sy75,sy79,sy120,sy141,sy77,sy130,sy142,wobnm,sy98,sy121,cfm,sy46,abd,sy20,sy63,sy57,sy59,sy15,sy64,sy58,sy60,sy61,sy65,sy68,sy66,sy67,sy69,sy45,sy49,sy70,sy71,sy12,sy96,sy81,sy54,sy62,sy82,sy97,sy99,sy102,sy103,sy105,sy104,llc,foot,sy26,bihu,sy43,sy135,kp,sy143,sy145,lu,m,sy128,sy155,tnv,sy89,sy91,ttbcdr,adp,sy24,sy106,async,erh,hv,sy27,jsaleg,lc,ob,sf,sy114,sfa,tbpr,sy92,tr/am=AIo/rt=j/d=0/sv=1/rs=AItRSTMDL-KNhvkNCpchDjzacWu64IVaMw -> 200 (257ms)
2013-08-11 15:47:26,371 - sauce_connect:0 - INFO - GET http://www.google.de/gen_204?v=3&s=webhp&action=&e=17259,4000116,4002855,4004949,4004953,4005875,4006037,4006727,4007080,4007229,4007638,4007661,4007714,4007779,4007830,4007862,4008067,4008133,4008142,4008209,4008298,4008423,4008488,4008502,4008540,4008561,4008567,4008673,4008725,4008799,4008807,4008826,4008941,4009003,4009017,4009085,4009201,4009282,4009366&ei=6JUHUr3cFYfXsgbtgoGgAg&imc=1&imn=1&imp=1&atyp=csi&adh=&rt=xjsls.251,prt.253,xjses.357,xjsee.421,xjs.429,ol.1481,iml.268,wsrt.1015,cst.0,dnst.0,rqst.866,rspt.215 -> 204 (44ms)
2013-08-11 15:47:26,401 - sauce_connect:0 - INFO - GET http://www.google.de/images/nav_logo140.png -> 200 (72ms)
2013-08-11 15:47:28,976 - sauce_connect:0 - INFO - GET http://www.google.de/s?gs_rn=24&gs_ri=psy-ab&cp=1&gs_id=4&xhr=t&q=t&es_nrs=true&pf=p&output=search&sclient=psy-ab&oq=&gs_l=&pbx=1&bav=on.2,or.r_qf.&bvm=bv.50500085,d.Yms&fp=18d7a1af6dcefcd7&biw=1024&bih=684&tch=1&ech=1&psi=6JUHUr3cFYfXsgbtgoGgAg.1376228839201.1 -> 200 (49ms)
2013-08-11 15:47:29,361 - sauce_connect:0 - INFO - GET http://www.google.de/gen_204?atyp=i&ct=1&cad=1&rsm=6&ei=6JUHUr3cFYfXsgbtgoGgAg&zx=1376228843234 -> 204 (41ms)
2013-08-11 15:47:29,467 - sauce_connect:0 - INFO - GET http://www.google.de/s?gs_rn=24&gs_ri=psy-ab&cp=34&gs_id=1y&xhr=t&q=the%20answer%20to%20the%20question%20of%20life&es_nrs=true&pf=p&output=search&sclient=psy-ab&oq=&gs_l=&pbx=1&bav=on.2,or.r_qf.&bvm=bv.50500085,d.Yms&fp=18d7a1af6dcefcd7&biw=1024&bih=684&tch=1&ech=2&psi=6JUHUr3cFYfXsgbtgoGgAg.1376228839201.1 -> 200 (341ms)
2013-08-11 15:47:30,147 - sauce_connect:0 - INFO - GET http://www.google.de/gen_204?atyp=i&ct=&cad=&vet=10CC4Q-Cc&ei=7ZUHUqrtDYe0tAbI8YCoAw&zx=1376228844007 -> 204 (44ms)
2013-08-11 15:47:30,154 - sauce_connect:0 - INFO - GET http://www.google.de/gen_204?v=3&s=web&action=&ei=7ZUHUqrtDYe0tAbI8YCoAw&e=17259,4000116,4002855,4004949,4004953,4005875,4006037,4006727,4007080,4007229,4007638,4007661,4007714,4007779,4007830,4007862,4008067,4008133,4008142,4008209,4008298,4008423,4008488,4008502,4008540,4008561,4008567,4008673,4008725,4008799,4008807,4008826,4008941,4009003,4009017,4009085,4009201,4009282,4009366&cr=c&imp=3&pf=1&pfa=n.2,ttfc.476,ttlc.0,cbt.113&pfm=n.2,ttfc.869,ttlc.0,cbt.113&pmd=max.78,avg.7,0,0,0,78,5,0,0,6,1,0,4,0,0,18,0,0,1&imn=5&atyp=csi&adh=&rt=prt.253,pprt.254,ol.254,jsrt.887,iml.344,kpr.1012,bpl.5921 -> 204 (49ms)
2013-08-11 15:47:34,505 - sauce_connect:0 - INFO - GET http://www.google.de/gen_204?atyp=i&ct=1&cad=1&sqi=1&q=the%20answer%20to%20the%20question%20of%20life%20the%20universe%20and%20everything&oq=the%20answer%20to%20the%20question%20of%20life&gs_l=hp.10..0i19l3j0i22i30i19.3499.3608.0.9076.34.2.0.0.0.0.886.1380.4-1j0j1.2.0....0...1c.1.24.psy-ab..32.2.1366.lzhtnRdBC6s&ei=7ZUHUqrtDYe0tAbI8YCoAw&zx=1376228848323 -> 204 (46ms)
2013-08-11 15:47:56,039 - sauce_connect:0 - INFO - GET http://www.google.com/ -> 302 (434ms)
2013-08-11 15:47:56,826 - sauce_connect:0 - INFO - GET http://www.google.de/?gws_rd=cr -> 200 (156ms)
2013-08-11 15:47:57,598 - sauce_connect:0 - INFO - GET http://www.google.de/images/srpr/logo4w.png -> 200 (86ms)
2013-08-11 15:47:57,739 - sauce_connect:0 - INFO - GET http://www.google.de/gen_204?atyp=i&ct=&cad=&vet=10CAYQ-Cc&ei=CJYHUr30LpGFswaN0oCYDw&zx=1376228873593 -> 204 (39ms)
2013-08-11 15:47:57,838 - sauce_connect:0 - INFO - GET http://www.google.de/extern_chrome/c2d98a6df1c9f1ef.js?bav=on.2,or.r_qf. -> 200 (132ms)
2013-08-11 15:47:58,214 - sauce_connect:0 - INFO - GET http://www.google.de/images/nav_logo140.png -> 200 (87ms)
2013-08-11 15:47:58,368 - sauce_connect:0 - INFO - GET http://www.google.de/gen_204?v=3&s=webhp&action=&e=17259,4000116,4004949,4004953,4005875,4006037,4006292,4006727,4007080,4007232,4007278,4007638,4007661,4007714,4007779,4007830,4007862,4008067,4008133,4008142,4008209,4008298,4008423,4008488,4008502,4008561,4008567,4008673,4008725,4008799,4008807,4008826,4008941,4009002,4009004,4009017,4009056,4009085,4009144,4009201,4009282,4009366&ei=CJYHUr30LpGFswaN0oCYDw&imc=1&imn=1&imp=1&atyp=csi&adh=&rt=xjsls.257,prt.258,xjses.348,xjsee.429,xjs.450,ol.888,iml.282 -> 204 (47ms)
2013-08-11 15:48:00,447 - sauce_connect:0 - INFO - GET http://www.google.de/s?gs_rn=24&gs_ri=psy-ab&cp=1&gs_id=2&xhr=t&q=t&es_nrs=true&pf=p&output=search&sclient=psy-ab&oq=&gs_l=&pbx=1&bav=on.2,or.r_qf.&bvm=bv.50500085,d.Yms&fp=c2d98a6df1c9f1ef&biw=1024&bih=673&tch=1&ech=1&psi=CJYHUr30LpGFswaN0oCYDw.1376228873528.1 -> 200 (48ms)
2013-08-11 15:48:00,829 - sauce_connect:0 - INFO - GET http://www.google.de/gen_204?atyp=i&ct=1&cad=1&rsm=6&ei=CJYHUr30LpGFswaN0oCYDw&zx=1376228876616 -> 204 (40ms)
2013-08-11 15:48:00,885 - sauce_connect:0 - INFO - GET http://www.google.de/s?gs_rn=24&gs_ri=psy-ab&cp=34&gs_id=1w&xhr=t&q=the%20answer%20to%20the%20question%20of%20life&es_nrs=true&pf=p&output=search&sclient=psy-ab&oq=&gs_l=&pbx=1&bav=on.2,or.r_qf.&bvm=bv.50500085,d.Yms&fp=c2d98a6df1c9f1ef&biw=1024&bih=673&tch=1&ech=2&psi=CJYHUr30LpGFswaN0oCYDw.1376228873528.1 -> 200 (293ms)
2013-08-11 15:48:01,444 - sauce_connect:0 - INFO - GET http://www.google.de/gen_204?atyp=i&ct=&cad=&vet=10CC4Q-Cc&ei=DJYHUtCYKYTqswbLt4GgDg&zx=1376228877222 -> 204 (38ms)
2013-08-11 15:48:01,641 - sauce_connect:0 - INFO - GET http://www.google.de/gen_204?v=3&s=web&action=&ei=DJYHUtCYKYTqswbLt4GgDg&e=17259,4000116,4004949,4004953,4005875,4006037,4006292,4006727,4007080,4007232,4007278,4007638,4007661,4007714,4007779,4007830,4007862,4008067,4008133,4008142,4008209,4008298,4008423,4008488,4008502,4008561,4008567,4008673,4008725,4008799,4008807,4008826,4008941,4009002,4009004,4009017,4009056,4009085,4009144,4009201,4009282,4009366&cr=c&imp=3&pf=1&pfa=n.2,ttfc.349,ttlc.0,cbt.61&pfm=n.2,ttfc.723,ttlc.0,cbt.61&pmd=max.10,avg.2,1,0,0,1,0,0,1,1,10,1,1,5,1&imn=5&atyp=csi&adh=&rt=prt.113,pprt.114,ol.114,jsrt.738,iml.271,kpr.853 -> 204 (39ms)
2013-08-11 15:48:09,187 - sauce_connect:0 - INFO - GET http://www.google.com/ -> 302 (82ms)
2013-08-11 15:48:09,559 - sauce_connect:0 - INFO - GET http://www.google.de/?gws_rd=cr -> 200 (166ms)
2013-08-11 15:48:10,003 - sauce_connect:0 - INFO - GET http://www.google.de/images/srpr/logo4w.png -> 200 (55ms)
2013-08-11 15:48:10,246 - sauce_connect:0 - INFO - GET http://www.google.de/xjs/_/js/k=xjs.s.en_US.ciY8R2R6XC8.O/m=c,sb,cr,epb,jp,r,hsm,j,p,pcc,csi/am=AIo/rt=j/d=1/sv=1/rs=AItRSTMDL-KNhvkNCpchDjzacWu64IVaMw -> 200 (143ms)
2013-08-11 15:48:11,289 - sauce_connect:0 - INFO - GET http://www.google.de/extern_chrome/4f176c8912b387a5.js?bav=on.2,or.r_qf. -> 200 (86ms)
2013-08-11 15:48:11,404 - sauce_connect:0 - INFO - GET http://www.google.de/xjs/_/js/k=xjs.s.en_US.ciY8R2R6XC8.O/m=sy5,cdos,gf,vm,sy53,sy100,sy101,sy157,tbui,mb,sy73,sy74,sy76,sy78,sy75,sy79,sy120,sy141,sy77,sy130,sy142,wobnm,sy98,sy121,cfm,sy46,abd,sy20,sy63,sy57,sy59,sy15,sy64,sy58,sy60,sy61,sy65,sy68,sy66,sy67,sy69,sy45,sy49,sy70,sy71,sy12,sy96,sy81,sy54,sy62,sy82,sy97,sy99,sy102,sy103,sy105,sy104,llc,foot,idck,sy26,bihu,sy43,sy135,kp,sy143,sy145,lu,m,sy128,sy155,tnv,sy89,sy91,ttbcdr,adp,sy24,sy106,async,erh,hv,sy27,jsaleg,lc,ob,sf,sy114,sfa,tbpr,sy92,tr/am=AIo/rt=j/d=0/sv=1/rs=AItRSTMDL-KNhvkNCpchDjzacWu64IVaMw -> 200 (114ms)
2013-08-11 15:48:11,611 - sauce_connect:0 - INFO - GET http://www.google.de/gen_204?atyp=i&ct=&cad=&vet=10CAYQ-Cc&ei=FZYHUp_vHoXntQa404HwBw&zx=1376228885466 -> 204 (71ms)
2013-08-11 15:48:11,661 - sauce_connect:0 - INFO - GET http://www.google.de/favicon.ico -> 200 (120ms)
2013-08-11 15:48:12,377 - sauce_connect:0 - INFO - GET http://www.google.de/images/nav_logo140.png -> 200 (90ms)
2013-08-11 15:48:12,428 - sauce_connect:0 - INFO - GET http://www.google.de/gen_204?v=3&s=webhp&action=&srt=795&e=17259,4000116,4001015,4004949,4004953,4005875,4006037,4006602,4006727,4007045,4007080,4007231,4007638,4007661,4007714,4007779,4007830,4007862,4008067,4008133,4008142,4008210,4008298,4008423,4008488,4008502,4008561,4008567,4008673,4008725,4008799,4008807,4008826,4008941,4009002,4009004,4009017,4009057,4009085,4009095,4009136,4009201,4009282,4009366&ei=FZYHUp_vHoXntQa404HwBw&imc=0&imn=0&imp=0&atyp=csi&adh=&rt=xjsls.116,prt.117,xjses.1278,xjsee.1583,xjs.1657,ol.2463,iml.117,wsrt.795,cst.0,dnst.0,rqst.470,rspt.67 -> 204 (75ms)
2013-08-11 15:48:12,687 - sauce_connect:0 - INFO - GET http://ssl.gstatic.com/gb/js/sem_fdb7b7e6ea17d20e7cd8c7ac0255cfa3.js -> 200 (81ms)
2013-08-11 15:48:14,338 - sauce_connect:0 - INFO - GET http://www.google.de/gen_204?atyp=i&ct=idck&cad=&ei=FZYHUp_vHoXntQa404HwBw&zx=1376228888353 -> 204 (38ms)
2013-08-11 15:48:16,579 - sauce_connect:0 - INFO - GET http://www.google.de/s?gs_rn=24&gs_ri=psy-ab&cp=1&gs_id=3&xhr=t&q=t&es_nrs=true&pf=p&output=search&sclient=psy-ab&oq=&gs_l=&pbx=1&bav=on.2,or.r_qf.&bvm=bv.50500085,d.Yms&fp=4f176c8912b387a5&biw=1024&bih=706&tch=1&ech=1&psi=FZYHUp_vHoXntQa404HwBw.1376228885251.1 -> 200 (51ms)
2013-08-11 15:48:16,895 - sauce_connect:0 - INFO - GET http://www.google.de/s?gs_rn=24&gs_ri=psy-ab&cp=21&gs_id=2b&xhr=t&q=the%20answer%20to%20the%20que&es_nrs=true&pf=p&output=search&sclient=psy-ab&oq=&gs_l=&pbx=1&bav=on.2,or.r_qf.&bvm=bv.50500085,d.Yms&fp=4f176c8912b387a5&biw=1024&bih=706&tch=1&ech=3&psi=FZYHUp_vHoXntQa404HwBw.1376228885251.1 -> 200 (64ms)
2013-08-11 15:48:16,959 - sauce_connect:0 - INFO - GET http://www.google.de/gen_204?atyp=i&ct=1&cad=1&rsm=6&ei=FZYHUp_vHoXntQa404HwBw&zx=1376228890919 -> 204 (75ms)
2013-08-11 15:48:16,993 - sauce_connect:0 - INFO - GET http://www.google.de/s?gs_rn=24&gs_ri=psy-ab&cp=26&gs_id=2v&xhr=t&q=the%20answer%20to%20the%20question&es_nrs=true&pf=p&output=search&sclient=psy-ab&oq=&gs_l=&pbx=1&bav=on.2,or.r_qf.&bvm=bv.50500085,d.Yms&fp=4f176c8912b387a5&biw=1024&bih=706&tch=1&ech=4&psi=FZYHUp_vHoXntQa404HwBw.1376228885251.1 -> 200 (109ms)
2013-08-11 15:48:17,019 - sauce_connect:0 - INFO - GET http://www.google.de/sdch/04-PPLH7.dct -> 200 (99ms)
2013-08-11 15:48:17,066 - sauce_connect:0 - INFO - GET http://www.google.de/s?gs_rn=24&gs_ri=psy-ab&cp=10&gs_id=13&xhr=t&q=the%20answer&es_nrs=true&pf=p&output=search&sclient=psy-ab&oq=&gs_l=&pbx=1&bav=on.2,or.r_qf.&bvm=bv.50500085,d.Yms&fp=4f176c8912b387a5&biw=1024&bih=706&tch=1&ech=2&psi=FZYHUp_vHoXntQa404HwBw.1376228885251.1 -> 200 (344ms)
2013-08-11 15:48:17,444 - sauce_connect:0 - INFO - GET http://www.google.de/s?gs_rn=24&gs_ri=psy-ab&cp=34&gs_id=3r&xhr=t&q=the%20answer%20to%20the%20question%20of%20life&es_nrs=true&pf=p&output=search&sclient=psy-ab&oq=&gs_l=&pbx=1&bav=on.2,or.r_qf.&bvm=bv.50500085,d.Yms&fp=4f176c8912b387a5&biw=1024&bih=706&tch=1&ech=5&psi=FZYHUp_vHoXntQa404HwBw.1376228885251.1 -> 200 (326ms)
2013-08-11 15:48:18,049 - sauce_connect:0 - INFO - GET http://www.google.de/xjs/_/js/k=xjs.s.en_US.ciY8R2R6XC8.O/m=sy94,wta,adct,sy162,vs/am=AIo/rt=j/d=0/sv=1/rs=AItRSTMDL-KNhvkNCpchDjzacWu64IVaMw -> 200 (33ms)
2013-08-11 15:48:18,142 - sauce_connect:0 - INFO - GET http://www.google.de/gen_204?atyp=i&ct=&cad=&vet=10CC4Q-Cc&ei=HZYHUvfHDYrYtAa7uIGgDQ&zx=1376228892103 -> 204 (41ms)
2013-08-11 15:48:18,339 - sauce_connect:0 - INFO - GET http://www.google.de/gen_204?v=3&s=web&action=&ei=HZYHUvfHDYrYtAa7uIGgDQ&e=17259,4000116,4001015,4004949,4004953,4005875,4006037,4006602,4006727,4007045,4007080,4007231,4007638,4007661,4007714,4007779,4007830,4007862,4008067,4008133,4008142,4008210,4008298,4008423,4008488,4008502,4008561,4008567,4008673,4008725,4008799,4008807,4008826,4008941,4009002,4009004,4009017,4009057,4009085,4009095,4009136,4009201,4009282,4009366&cr=c&imp=3&pf=1&pfa=n.5,ttfc.460,ttlc.0,cbt.5&pfm=n.5,ttfc.814,ttlc.0,cbt.163&pmd=max.250,avg.25,164,0,0,250,0,1,1,1,0,6,0,34,0,1,0,12,6,28,0,1&imn=5&atyp=csi&adh=&rt=prt.247,pprt.248,ol.249,jsrt.762,iml.444,kpr.1213,bpl.8686 -> 204 (40ms)
2013-08-11 15:48:21,539 - sauce_connect:0 - INFO - GET http://www.google.de/gen_204?atyp=i&ct=1&cad=1&sqi=1&q=the%20answer%20to%20the%20question%20of%20life%20the%20universe%20and%20everything&oq=the%20answer%20to%20the%20question%20of%20life&gs_l=hp.10..0i19l3j0i22i30i19.5164.5572.0.10135.34.5.0.0.0.1.821.2877.3-1j1j1j2.5.0....0...1c.1.24.psy-ab..30.4.1993.YXJBCo9kSew&ei=HZYHUvfHDYrYtAa7uIGgDQ&zx=1376228895576 -> 204 (40ms)
2013-08-11 15:48:21,746 - sauce_connect:0 - INFO - GET http://www.google.de/url?sa=f&rct=j&url=http://de.wikipedia.org/wiki/42_(Antwort)&q=the+answer+to+the+question+of+life+the+universe+and+everything&ei=HZYHUvfHDYrYtAa7uIGgDQ&usg=AFQjCNH4VY_vtV-ry8wihSQg-5LZDDuo2A -> 200 (52ms)
2013-08-11 15:48:22,581 - sauce_connect:0 - INFO - GET http://de.wikipedia.org/wiki/42_(Antwort) -> 200 (473ms)
2013-08-11 15:48:23,335 - sauce_connect:0 - INFO - GET http://bits.wikimedia.org/geoiplookup -> 200 (448ms)
2013-08-11 15:48:23,341 - sauce_connect:0 - INFO - GET http://bits.wikimedia.org/de.wikipedia.org/load.php?debug=false&lang=de&modules=site&only=styles&skin=vector&* -> 200 (459ms)
2013-08-11 15:48:23,357 - sauce_connect:0 - INFO - GET http://bits.wikimedia.org/static-1.22wmf11/skins/common/images/magnify-clip.png -> 200 (470ms)
2013-08-11 15:48:23,367 - sauce_connect:0 - INFO - GET http://bits.wikimedia.org/de.wikipedia.org/load.php?debug=false&lang=de&modules=startup&only=scripts&skin=vector&* -> 200 (486ms)
2013-08-11 15:48:23,387 - sauce_connect:0 - INFO - GET http://upload.wikimedia.org/wikipedia/commons/thumb/a/a1/Qsicon_gesprochen.svg/30px-Qsicon_gesprochen.svg.png -> 200 (98ms)
2013-08-11 15:48:23,400 - sauce_connect:0 - INFO - GET http://upload.wikimedia.org/wikipedia/commons/thumb/a/a1/Qsicon_gesprochen.svg/15px-Qsicon_gesprochen.svg.png -> 200 (512ms)
2013-08-11 15:48:23,404 - sauce_connect:0 - INFO - GET http://upload.wikimedia.org/math/9/b/d/9bd3f0cf282f6f6a386c24e1475368e3.png -> 200 (516ms)
2013-08-11 15:48:23,407 - sauce_connect:0 - INFO - GET http://upload.wikimedia.org/math/f/1/3/f1384e256116390d1c06435a4a425f42.png -> 200 (521ms)
2013-08-11 15:48:23,453 - sauce_connect:0 - INFO - GET http://upload.wikimedia.org/wikipedia/de/thumb/1/10/42_Antwort.svg/220px-42_Antwort.svg.png -> 200 (571ms)
2013-08-11 15:48:23,469 - sauce_connect:0 - INFO - GET http://bits.wikimedia.org/de.wikipedia.org/load.php?debug=false&lang=de&modules=ext.flaggedRevs.basic%7Cext.gadget.CommonsDirekt%2CWikiMiniAtlas%7Cext.rtlcite%2Cwikihiero%7Cext.uls.nojs%7Cmediawiki.legacy.commonPrint%2Cshared%7Cmw.PopUpMediaTransform%7Cskins.vector&only=styles&skin=vector&* -> 200 (588ms)
2013-08-11 15:48:23,586 - sauce_connect:0 - INFO - GET http://bits.wikimedia.org/static-1.22wmf11/skins/vector/images/search-ltr.png?303-4 -> 200 (47ms)
2013-08-11 15:48:23,782 - sauce_connect:0 - INFO - GET http://bits.wikimedia.org/images/wikimedia-button.png -> 200 (47ms)
2013-08-11 15:48:23,785 - sauce_connect:0 - INFO - GET http://bits.wikimedia.org/static-1.22wmf11/skins/common/images/poweredby_mediawiki_88x31.png -> 200 (50ms)
2013-08-11 15:48:23,959 - sauce_connect:0 - INFO - received SIGINT
2013-08-11 16:13:32,934 - sauce_connect:554 - INFO - / Starting \
2013-08-11 16:13:32,938 - sauce_connect:555 - INFO - Please wait for "You may start your tests" to start your tests.
2013-08-11 16:13:32,944 - sauce_connect:567 - DEBUG - System is 2.0 hours off UTC
2013-08-11 16:13:32,946 - sauce_connect:569 - DEBUG - options: {'user': 'openwebcraft', 'ports': ['59322'], 'domains': ['sauce-connect.proxy'], 'debug_ssh': False, 'tunnel_ports': ['80'], 'allow_unclean_exit': False, 'rest_url': 'https://saucelabs.com/rest/v1', 'logfile': 'sauce_connect.log', 'squid_opts': '', 'ssh': False, 'se_port': '4445', 'readyfile': 'sauce_connect.ready', 'shared_tunnel': False, 'boost_mode': True, 'tunnel_identifier': '', 'ssh_port': 443, 'fast_fail_regexps': '', 'direct_domains': '', 'host': '127.0.0.1', 'quiet': False, 'latency_log': 150, 'use_ssh_config': False}
2013-08-11 16:13:32,947 - sauce_connect:570 - DEBUG - metadata: {'PythonVersion': '2.5.1', 'OwnerHost': '127.0.0.1', 'Release': '3.0-r25', 'OwnerPorts': ['59322'], 'Ports': ['80'], 'Platform': 'Java-1.6.0_51-Java_HotSpot-TM-_64-Bit_Server_VM,_20.51-b01-457,_Apple_Inc.-on-Mac_OS_X-10.8.4-x86_64', 'Build': '38', 'ScriptRelease': 38, 'ScriptName': 'sauce_connect'}
2013-08-11 16:13:32,948 - sauce_connect:572 - INFO - Forwarding: ['sauce-connect.proxy']:['80'] -> 127.0.0.1:['59322']
2013-08-11 16:13:32,963 - sauce_connect:371 - INFO - Succesfully connected to local server 127.0.0.1:59322 in 6ms
2013-08-11 16:13:33,710 - sauce_connect:234 - INFO - {"squid_config":null,"use_caching_proxy":true,"metadata":{"PythonVersion":"2.5.1","OwnerHost":"127.0.0.1","Release":"3.0-r25","OwnerPorts":["59322"],"Ports":["80"],"Platform":"Java-1.6.0_51-Java_HotSpot-TM-_64-Bit_Server_VM,_20.51-b01-457,_Apple_Inc.-on-Mac_OS_X-10.8.4-x86_64","Build":"38","ScriptRelease":38,"ScriptName":"sauce_connect"},"use_kgp":true,"tunnel_identifier":"","shared_tunnel":false,"fast_fail_regexps":null,"ssh_port":443,"direct_domains":null,"domain_names":["sauce-connect.proxy"]}
2013-08-11 16:13:36,911 - sauce_connect:246 - INFO - Tunnel remote VM is provisioned (2e49d62927bd484bb4b950e6b19b749a)
2013-08-11 16:13:37,190 - sauce_connect:264 - INFO - Tunnel remote VM is booting ..
2013-08-11 16:14:16,474 - sauce_connect:268 - INFO - Tunnel remote VM is running at maki7162.miso.saucelabs.com
2013-08-11 16:14:16,493 - sauce_connect:371 - INFO - Succesfully connected to local server 127.0.0.1:59322 in 0ms
2013-08-11 16:14:16,496 - sauce_connect:642 - INFO - Starting connection to tunnel host...
2013-08-11 16:14:16,497 - sauce_connect:642 - INFO - Connecting to tunnel host maki7162.miso.saucelabs.com as openwebcraft
2013-08-11 16:14:16,687 - sauce_connect:642 - INFO - Forwarding Selenium with ephemeral port 59326
2013-08-11 16:14:16,694 - sauce_connect:642 - INFO - Selenium HTTP proxy listening on port 4445
2013-08-11 16:14:17,769 - sauce_connect:0 - INFO - Successful handshake with Sauce Connect server
2013-08-11 16:14:17,957 - sauce_connect:0 - INFO - Tunnel host version: 0.1.0, remote endpoint ID: 6a5febfb9c624028957eacab9bfb74f9
2013-08-11 16:14:17,960 - sauce_connect:642 - INFO - Connected! You may start your tests.
2013-08-11 16:14:31,190 - sauce_connect:0 - INFO - GET http://google.com/ -> 301 (470ms)
2013-08-11 16:14:31,825 - sauce_connect:0 - INFO - GET http://www.google.com/ -> 302 (430ms)
2013-08-11 16:14:32,851 - sauce_connect:0 - INFO - GET http://www.google.de/?gws_rd=cr -> 200 (501ms)
2013-08-11 16:14:33,553 - sauce_connect:0 - INFO - GET http://www.google.de/images/icons/product/chrome-48.png -> 200 (37ms)
2013-08-11 16:14:33,615 - sauce_connect:0 - INFO - GET http://ssl.gstatic.com/gb/images/k1_a31af7ac.png -> 200 (99ms)
2013-08-11 16:14:33,756 - sauce_connect:0 - INFO - GET http://www.google.de/images/srpr/logo4w.png -> 200 (91ms)
2013-08-11 16:14:33,898 - sauce_connect:0 - INFO - GET http://www.google.de/xjs/_/js/k=xjs.s.en_US.ciY8R2R6XC8.O/m=c,sb,cr,epb,jp,r,hsm,j,p,pcc,csi/am=AIo/rt=j/d=1/sv=1/rs=AItRSTMDL-KNhvkNCpchDjzacWu64IVaMw -> 200 (230ms)
2013-08-11 16:14:35,792 - sauce_connect:0 - INFO - GET http://www.google.de/extern_chrome/13687f7138bd6f1b.js?bav=on.2,or.r_qf. -> 200 (63ms)
2013-08-11 16:14:35,875 - sauce_connect:0 - INFO - GET http://www.google.com/textinputassistant/tia.png -> 200 (61ms)
2013-08-11 16:14:35,944 - sauce_connect:0 - INFO - GET http://www.google.de/xjs/_/js/k=xjs.s.en_US.ciY8R2R6XC8.O/m=sy5,cdos,gf,vm,sy53,sy100,sy101,sy157,tbui,mb,sy73,sy74,sy76,sy78,sy75,sy79,sy120,sy141,sy77,sy130,sy142,wobnm,sy98,sy121,cfm,sy46,abd,sy20,sy63,sy57,sy59,sy15,sy64,sy58,sy60,sy61,sy65,sy68,sy66,sy67,sy69,sy45,sy49,sy70,sy71,sy12,sy96,sy81,sy54,sy62,sy82,sy97,sy99,sy102,sy103,sy105,sy104,llc,foot,sy26,bihu,sy43,sy135,kp,sy143,sy145,lu,m,sy128,sy155,tnv,sy89,sy91,ttbcdr,adp,sy24,sy106,async,erh,hv,sy27,jsaleg,lc,ob,sf,sy114,sfa,tbpr,sy92,tr/am=AIo/rt=j/d=0/sv=1/rs=AItRSTMDL-KNhvkNCpchDjzacWu64IVaMw -> 200 (131ms)
2013-08-11 16:14:36,009 - sauce_connect:0 - INFO - GET http://www.google.de/gen_204?atyp=i&ct=&cad=&vet=10CAYQ-Cc&ei=RJwHUszhHMrDswb90IH4Cw&zx=1376230469110 -> 204 (101ms)
2013-08-11 16:14:36,926 - sauce_connect:0 - INFO - GET http://www.google.de/favicon.ico -> 200 (30ms)
2013-08-11 16:14:36,953 - sauce_connect:0 - INFO - GET http://www.google.de/images/nav_logo140.png -> 200 (58ms)
2013-08-11 16:14:37,006 - sauce_connect:0 - INFO - GET http://www.google.de/gen_204?v=3&s=webhp&action=&e=25657,4000116,4002855,4004949,4004953,4005875,4006037,4006604,4006727,4007080,4007230,4007638,4007661,4007714,4007779,4007830,4007862,4008067,4008133,4008142,4008210,4008298,4008423,4008488,4008502,4008540,4008561,4008567,4008673,4008700,4008725,4008799,4008807,4008826,4008941,4009003,4009017,4009085,4009136,4009179,4009201,4009282,4009357,4009366&ei=RJwHUszhHMrDswb90IH4Cw&imc=1&imn=1&imp=1&dM=10&atyp=csi&adh=&rt=xjsls.412,prt.413,xjses.2604,xjsee.2750,xjs.2774,ol.3815,iml.684,wsrt.2382,cst.0,dnst.0,rqst.1314,rspt.444 -> 204 (52ms)
2013-08-11 16:14:37,030 - sauce_connect:0 - INFO - GET http://ssl.gstatic.com/gb/js/sem_fdb7b7e6ea17d20e7cd8c7ac0255cfa3.js -> 200 (75ms)
2013-08-11 16:14:40,755 - sauce_connect:0 - INFO - GET http://www.google.de/s?gs_rn=24&gs_ri=psy-ab&cp=1&gs_id=2&xhr=t&q=t&es_nrs=true&pf=p&output=search&sclient=psy-ab&oq=&gs_l=&pbx=1&bav=on.2,or.r_qf.&bvm=bv.50500085,d.Yms&fp=13687f7138bd6f1b&biw=1024&bih=712&tch=1&ech=1&psi=RJwHUszhHMrDswb90IH4Cw.1376230469001.1 -> 200 (49ms)
2013-08-11 16:14:40,967 - sauce_connect:0 - INFO - GET http://www.google.de/s?gs_rn=24&gs_ri=psy-ab&cp=20&gs_id=26&xhr=t&q=the%20answer%20to%20the%20qu&es_nrs=true&pf=p&output=search&sclient=psy-ab&oq=&gs_l=&pbx=1&bav=on.2,or.r_qf.&bvm=bv.50500085,d.Yms&fp=13687f7138bd6f1b&biw=1024&bih=712&tch=1&ech=3&psi=RJwHUszhHMrDswb90IH4Cw.1376230469001.1 -> 200 (65ms)
2013-08-11 16:14:41,138 - sauce_connect:0 - INFO - GET http://www.google.de/s?gs_rn=24&gs_ri=psy-ab&cp=8&gs_id=u&xhr=t&q=the%20answ&es_nrs=true&pf=p&output=search&sclient=psy-ab&oq=&gs_l=&pbx=1&bav=on.2,or.r_qf.&bvm=bv.50500085,d.Yms&fp=13687f7138bd6f1b&biw=1024&bih=712&tch=1&ech=2&psi=RJwHUszhHMrDswb90IH4Cw.1376230469001.1 -> 200 (271ms)
2013-08-11 16:14:41,171 - sauce_connect:0 - INFO - GET http://www.google.de/gen_204?atyp=i&ct=1&cad=1&rsm=6&ei=RJwHUszhHMrDswb90IH4Cw&zx=1376230474289 -> 204 (77ms)
2013-08-11 16:14:41,342 - sauce_connect:0 - INFO - GET http://www.google.de/s?gs_rn=24&gs_ri=psy-ab&cp=34&gs_id=3o&xhr=t&q=the%20answer%20to%20the%20question%20of%20life&es_nrs=true&pf=p&output=search&sclient=psy-ab&oq=&gs_l=&pbx=1&bav=on.2,or.r_qf.&bvm=bv.50500085,d.Yms&fp=13687f7138bd6f1b&biw=1024&bih=712&tch=1&ech=4&psi=RJwHUszhHMrDswb90IH4Cw.1376230469001.1 -> 200 (348ms)
2013-08-11 16:14:41,960 - sauce_connect:0 - INFO - GET http://www.google.de/xjs/_/js/k=xjs.s.en_US.ciY8R2R6XC8.O/m=sy94,wta,adct,sy162,vs/am=AIo/rt=j/d=0/sv=1/rs=AItRSTMDL-KNhvkNCpchDjzacWu64IVaMw -> 200 (40ms)
2013-08-11 16:14:42,028 - sauce_connect:0 - INFO - GET http://www.google.de/gen_204?atyp=i&ct=&cad=&vet=10CC4Q-Cc&ei=TJwHUseNLomQtAbPtoDYBg&zx=1376230475219 -> 204 (57ms)
2013-08-11 16:14:42,154 - sauce_connect:0 - INFO - GET http://www.google.de/gen_204?v=3&s=web&action=&ei=TJwHUseNLomQtAbPtoDYBg&e=25657,4000116,4002855,4004949,4004953,4005875,4006037,4006604,4006727,4007080,4007230,4007638,4007661,4007714,4007779,4007830,4007862,4008067,4008133,4008142,4008210,4008298,4008423,4008488,4008502,4008540,4008561,4008567,4008673,4008700,4008725,4008799,4008807,4008826,4008941,4009003,4009017,4009085,4009136,4009179,4009201,4009282,4009357,4009366&cr=c&imp=0&pf=1&pfa=n.4,ttfc.422,ttlc.0,cbt.127&pfm=n.4,ttfc.838,ttlc.0,cbt.127&pmd=max.39,avg.5,0,0,0,0,0,22,5,0,0,0,3,0,0,4,0,0,15,0,39,16&imn=5&dM=10&atyp=csi&adh=&rt=prt.318,pprt.319,ol.319,jsrt.683,iml.320,kpr.1010,bpl.10942 -> 204 (38ms)
2013-08-11 16:14:44,819 - sauce_connect:0 - INFO - GET http://ssl.gstatic.com/ui/v1/menu/checkmark2.png -> 200 (58ms)
2013-08-11 16:14:44,994 - sauce_connect:0 - INFO - GET http://www.google.de/gen_204?atyp=i&ct=1&cad=1&sqi=1&q=the%20answer%20to%20the%20question%20of%20life%20the%20universe%20and%20everything&oq=the%20answer%20to%20the%20question%20of%20life&gs_l=hp.10..0i19l3j0i22i30i19.4860.5170.0.9028.34.4.0.0.0.1.864.2223.3-2j0j1j1.4.0....0...1c.1.24.psy-ab..31.3.1333.h0llyeQot_A&ei=TJwHUseNLomQtAbPtoDYBg&zx=1376230478114 -> 204 (38ms)
2013-08-11 16:14:56,757 - sauce_connect:0 - INFO - GET http://www.google.com/ -> 302 (80ms)
2013-08-11 16:14:57,302 - sauce_connect:0 - INFO - GET http://www.google.de/?gws_rd=cr -> 200 (150ms)
2013-08-11 16:14:58,213 - sauce_connect:0 - INFO - GET http://www.google.de/images/srpr/logo4w.png -> 200 (61ms)
2013-08-11 16:14:58,417 - sauce_connect:0 - INFO - GET http://www.google.de/extern_chrome/7fe1b76bf98b425a.js?bav=on.2,or.r_qf. -> 200 (67ms)
2013-08-11 16:14:58,423 - sauce_connect:0 - INFO - GET http://www.google.de/gen_204?atyp=i&ct=&cad=&vet=10CAYQ-Cc&ei=XJwHUtnWOJHotQbk0YHIAw&zx=1376230491917 -> 204 (74ms)
2013-08-11 16:14:58,960 - sauce_connect:0 - INFO - GET http://www.google.de/gen_204?v=3&s=webhp&action=&e=25657,4000116,4003881,4004949,4004953,4005875,4006037,4006604,4006727,4007080,4007231,4007638,4007661,4007713,4007779,4007829,4007862,4008067,4008133,4008142,4008209,4008298,4008423,4008488,4008502,4008561,4008567,4008673,4008725,4008799,4008807,4008826,4008941,4009002,4009004,4009017,4009021,4009085,4009096,4009179,4009201,4009282,4009356,4009366&ei=XJwHUtnWOJHotQbk0YHIAw&imc=1&imn=1&imp=1&atyp=csi&adh=&rt=xjsls.265,prt.266,xjses.384,xjsee.464,xjs.475,ol.1186,iml.284,wsrt.1159,cst.0,dnst.0,rqst.949,rspt.223 -> 204 (48ms)
2013-08-11 16:14:58,999 - sauce_connect:0 - INFO - GET http://www.google.de/images/nav_logo140.png -> 200 (86ms)
2013-08-11 16:15:01,332 - sauce_connect:0 - INFO - GET http://www.google.de/s?gs_rn=24&gs_ri=psy-ab&cp=1&gs_id=4&xhr=t&q=t&es_nrs=true&pf=p&output=search&sclient=psy-ab&oq=&gs_l=&pbx=1&bav=on.2,or.r_qf.&bvm=bv.50500085,d.Yms&fp=7fe1b76bf98b425a&biw=1024&bih=684&tch=1&ech=1&psi=XJwHUtnWOJHotQbk0YHIAw.1376230491859.1 -> 200 (56ms)
2013-08-11 16:15:01,707 - sauce_connect:0 - INFO - GET http://www.google.de/gen_204?atyp=i&ct=1&cad=1&rsm=6&ei=XJwHUtnWOJHotQbk0YHIAw&zx=1376230495358 -> 204 (42ms)
2013-08-11 16:15:01,865 - sauce_connect:0 - INFO - GET http://www.google.de/s?gs_rn=24&gs_ri=psy-ab&cp=34&gs_id=1y&xhr=t&q=the%20answer%20to%20the%20question%20of%20life&es_nrs=true&pf=p&output=search&sclient=psy-ab&oq=&gs_l=&pbx=1&bav=on.2,or.r_qf.&bvm=bv.50500085,d.Yms&fp=7fe1b76bf98b425a&biw=1024&bih=684&tch=1&ech=2&psi=XJwHUtnWOJHotQbk0YHIAw.1376230491859.1 -> 200 (395ms)
2013-08-11 16:15:02,506 - sauce_connect:0 - INFO - GET http://www.google.de/gen_204?atyp=i&ct=&cad=&vet=10CC4Q-Cc&ei=YZwHUp2WDorCtQb_6IHwBQ&zx=1376230496124 -> 204 (42ms)
2013-08-11 16:15:02,697 - sauce_connect:0 - INFO - GET http://www.google.de/gen_204?v=3&s=web&action=&ei=YZwHUp2WDorCtQb_6IHwBQ&e=25657,4000116,4003881,4004949,4004953,4005875,4006037,4006604,4006727,4007080,4007231,4007638,4007661,4007713,4007779,4007829,4007862,4008067,4008133,4008142,4008209,4008298,4008423,4008488,4008502,4008561,4008567,4008673,4008725,4008799,4008807,4008826,4008941,4009002,4009004,4009017,4009021,4009085,4009096,4009179,4009201,4009282,4009356,4009366&cr=c&imp=3&pf=1&pfa=n.2,ttfc.461,ttlc.0,cbt.101&pfm=n.2,ttfc.866,ttlc.0,cbt.101&pmd=max.63,avg.8,0,3,15,1,0,0,0,1,63,6,0,23,6,0,0&imn=5&atyp=csi&adh=&rt=prt.240,pprt.241,ol.242,jsrt.886,iml.343,kpr.1009,bpl.5569 -> 204 (39ms)
2013-08-11 16:15:07,211 - sauce_connect:0 - INFO - GET http://www.google.de/gen_204?atyp=i&ct=1&cad=1&sqi=1&q=the%20answer%20to%20the%20question%20of%20life%20the%20universe%20and%20everything&oq=the%20answer%20to%20the%20question%20of%20life&gs_l=hp.10..0i19l3j0i22i30i19.2963.3073.0.8748.34.2.0.0.0.0.883.1371.4-1j0j1.2.0....0...1c.1.24.psy-ab..32.2.1352.o9Sh9sbId9k&ei=YZwHUp2WDorCtQb_6IHwBQ&zx=1376230500663 -> 204 (39ms)
2013-08-11 16:15:28,029 - sauce_connect:0 - INFO - GET http://www.google.com/ -> 302 (88ms)
2013-08-11 16:15:28,489 - sauce_connect:0 - INFO - GET http://www.google.de/?gws_rd=cr -> 200 (162ms)
2013-08-11 16:15:29,269 - sauce_connect:0 - INFO - GET http://www.google.de/images/srpr/logo4w.png -> 200 (95ms)
2013-08-11 16:15:29,456 - sauce_connect:0 - INFO - GET http://www.google.de/extern_chrome/9a3eeb813a090830.js?bav=on.2,or.r_qf. -> 200 (85ms)
2013-08-11 16:15:29,456 - sauce_connect:0 - INFO - GET http://www.google.de/gen_204?atyp=i&ct=&cad=&vet=10CAYQ-Cc&ei=fJwHUrfFBsmOswbd6YA4&zx=1376230524867 -> 204 (85ms)
2013-08-11 16:15:30,173 - sauce_connect:0 - INFO - GET http://www.google.de/gen_204?v=3&s=webhp&action=&e=25657,4000116,4002854,4004949,4004953,4005875,4006037,4006602,4006727,4007080,4007229,4007463,4007638,4007661,4007714,4007779,4007829,4007862,4008067,4008133,4008142,4008210,4008298,4008424,4008488,4008502,4008540,4008561,4008567,4008673,4008725,4008799,4008807,4008826,4008941,4009003,4009017,4009085,4009144,4009201,4009282,4009366&ei=fJwHUrfFBsmOswbd6YA4&imc=1&imn=1&imp=1&atyp=csi&adh=&rt=xjsls.255,prt.257,xjses.312,xjsee.394,xjs.428,ol.1045,iml.266 -> 204 (48ms)
2013-08-11 16:15:30,237 - sauce_connect:0 - INFO - GET http://www.google.de/images/nav_logo140.png -> 200 (112ms)
2013-08-11 16:15:32,273 - sauce_connect:0 - INFO - GET http://www.google.de/s?gs_rn=24&gs_ri=psy-ab&cp=1&gs_id=2&xhr=t&q=t&es_nrs=true&pf=p&output=search&sclient=psy-ab&oq=&gs_l=&pbx=1&bav=on.2,or.r_qf.&bvm=bv.50500085,d.Yms&fp=9a3eeb813a090830&biw=1024&bih=673&tch=1&ech=1&psi=fJwHUrfFBsmOswbd6YA4.1376230524801.1 -> 200 (52ms)
2013-08-11 16:15:32,654 - sauce_connect:0 - INFO - GET http://www.google.de/gen_204?atyp=i&ct=1&cad=1&rsm=6&ei=fJwHUrfFBsmOswbd6YA4&zx=1376230528084 -> 204 (46ms)
2013-08-11 16:15:32,683 - sauce_connect:0 - INFO - GET http://www.google.de/s?gs_rn=24&gs_ri=psy-ab&cp=34&gs_id=1w&xhr=t&q=the%20answer%20to%20the%20question%20of%20life&es_nrs=true&pf=p&output=search&sclient=psy-ab&oq=&gs_l=&pbx=1&bav=on.2,or.r_qf.&bvm=bv.50500085,d.Yms&fp=9a3eeb813a090830&biw=1024&bih=673&tch=1&ech=2&psi=fJwHUrfFBsmOswbd6YA4.1376230524801.1 -> 200 (268ms)
2013-08-11 16:15:33,196 - sauce_connect:0 - INFO - GET http://www.google.de/gen_204?atyp=i&ct=&cad=&vet=10CC4Q-Cc&ei=gJwHUpL4CorptQb3zYDgDA&zx=1376230528654 -> 204 (44ms)
2013-08-11 16:15:33,391 - sauce_connect:0 - INFO - GET http://www.google.de/gen_204?v=3&s=web&action=&ei=gJwHUpL4CorptQb3zYDgDA&e=25657,4000116,4002854,4004949,4004953,4005875,4006037,4006602,4006727,4007080,4007229,4007463,4007638,4007661,4007714,4007779,4007829,4007862,4008067,4008133,4008142,4008210,4008298,4008424,4008488,4008502,4008540,4008561,4008567,4008673,4008725,4008799,4008807,4008826,4008941,4009003,4009017,4009085,4009144,4009201,4009282,4009366&cr=c&imp=3&pf=1&pfa=n.2,ttfc.357,ttlc.0,cbt.58&pfm=n.2,ttfc.693,ttlc.0,cbt.58&pmd=max.2,avg.1,0,1,0,1,1,1,1,1,1,1,1,2,1,0&imn=5&atyp=csi&adh=&rt=prt.106,pprt.106,ol.106,jsrt.707,iml.239,kpr.829 -> 204 (43ms)
2013-08-11 16:15:41,242 - sauce_connect:0 - INFO - GET http://www.google.com/ -> 302 (84ms)
2013-08-11 16:15:41,798 - sauce_connect:0 - INFO - GET http://www.google.de/?gws_rd=cr -> 200 (162ms)
2013-08-11 16:15:42,230 - sauce_connect:0 - INFO - GET http://www.google.de/images/srpr/logo4w.png -> 200 (83ms)
2013-08-11 16:15:42,515 - sauce_connect:0 - INFO - GET http://www.google.de/xjs/_/js/k=xjs.s.en_US.ciY8R2R6XC8.O/m=c,sb,cr,epb,jp,r,hsm,j,p,pcc,csi/am=AIo/rt=j/d=1/sv=1/rs=AItRSTMDL-KNhvkNCpchDjzacWu64IVaMw -> 200 (254ms)
2013-08-11 16:15:43,384 - sauce_connect:0 - INFO - GET http://www.google.de/extern_chrome/477e3496065dcb71.js?bav=on.2,or.r_qf. -> 200 (75ms)
2013-08-11 16:15:43,576 - sauce_connect:0 - INFO - GET http://www.google.de/xjs/_/js/k=xjs.s.en_US.ciY8R2R6XC8.O/m=sy5,cdos,gf,vm,sy53,sy100,sy101,sy157,tbui,mb,sy73,sy74,sy76,sy78,sy75,sy79,sy120,sy141,sy77,sy130,sy142,wobnm,sy98,sy121,cfm,sy46,abd,sy20,sy63,sy57,sy59,sy15,sy64,sy58,sy60,sy61,sy65,sy68,sy66,sy67,sy69,sy45,sy49,sy70,sy71,sy12,sy96,sy81,sy54,sy62,sy82,sy97,sy99,sy102,sy103,sy105,sy104,llc,foot,sy26,bihu,sy43,sy135,kp,sy143,sy145,lu,m,sy128,sy155,tnv,sy89,sy91,ttbcdr,adp,sy24,sy106,async,erh,hv,sy27,jsaleg,lc,ob,sf,sy114,sfa,tbpr,sy92,tr/am=AIo/rt=j/d=0/sv=1/rs=AItRSTMDL-KNhvkNCpchDjzacWu64IVaMw -> 200 (227ms)
2013-08-11 16:15:43,598 - sauce_connect:0 - INFO - GET http://www.google.de/gen_204?atyp=i&ct=&cad=&vet=10CAYQ-Cc&ei=iZwHUqCqGYTCswbwpYGgDg&zx=1376230537748 -> 204 (50ms)
2013-08-11 16:15:43,630 - sauce_connect:0 - INFO - GET http://www.google.de/favicon.ico -> 200 (82ms)
2013-08-11 16:15:44,795 - sauce_connect:0 - INFO - GET http://www.google.de/gen_204?v=3&s=webhp&action=&srt=1021&e=17259,4000116,4002855,4004949,4004953,4005610,4005875,4006037,4006727,4007080,4007229,4007638,4007661,4007714,4007779,4007829,4007862,4008067,4008133,4008142,4008210,4008298,4008423,4008488,4008502,4008540,4008561,4008567,4008673,4008725,4008799,4008807,4008826,4008941,4009003,4009017,4009085,4009201,4009282,4009366&ei=iZwHUqCqGYTCswbwpYGgDg&imc=0&imn=0&imp=0&atyp=csi&adh=&rt=xjsls.106,prt.108,xjses.1211,xjsee.1444,xjs.1463,ol.2660,iml.108,wsrt.1016,cst.0,dnst.0,rqst.635,rspt.73 -> 204 (43ms)
2013-08-11 16:15:44,809 - sauce_connect:0 - INFO - GET http://www.google.de/images/nav_logo140.png -> 200 (102ms)
2013-08-11 16:15:44,982 - sauce_connect:0 - INFO - GET http://ssl.gstatic.com/gb/js/sem_fdb7b7e6ea17d20e7cd8c7ac0255cfa3.js -> 200 (80ms)
2013-08-11 16:15:48,628 - sauce_connect:0 - INFO - GET http://www.google.de/s?gs_rn=24&gs_ri=psy-ab&cp=1&gs_id=3&xhr=t&q=t&es_nrs=true&pf=p&output=search&sclient=psy-ab&oq=&gs_l=&pbx=1&bav=on.2,or.r_qf.&bvm=bv.50500085,d.Yms&fp=477e3496065dcb71&biw=1024&bih=706&tch=1&ech=1&psi=iZwHUqCqGYTCswbwpYGgDg.1376230537552.1 -> 200 (51ms)
2013-08-11 16:15:48,844 - sauce_connect:0 - INFO - GET http://www.google.de/s?gs_rn=24&gs_ri=psy-ab&cp=19&gs_id=23&xhr=t&q=the%20answer%20to%20the%20q&es_nrs=true&pf=p&output=search&sclient=psy-ab&oq=&gs_l=&pbx=1&bav=on.2,or.r_qf.&bvm=bv.50500085,d.Yms&fp=477e3496065dcb71&biw=1024&bih=706&tch=1&ech=3&psi=iZwHUqCqGYTCswbwpYGgDg.1376230537552.1 -> 200 (74ms)
2013-08-11 16:15:48,959 - sauce_connect:0 - INFO - GET http://www.google.de/gen_204?atyp=i&ct=1&cad=1&rsm=6&ei=iZwHUqCqGYTCswbwpYGgDg&zx=1376230543166 -> 204 (40ms)
2013-08-11 16:15:49,046 - sauce_connect:0 - INFO - GET http://www.google.de/s?gs_rn=24&gs_ri=psy-ab&cp=8&gs_id=v&xhr=t&q=the%20answ&es_nrs=true&pf=p&output=search&sclient=psy-ab&oq=&gs_l=&pbx=1&bav=on.2,or.r_qf.&bvm=bv.50500085,d.Yms&fp=477e3496065dcb71&biw=1024&bih=706&tch=1&ech=2&psi=iZwHUqCqGYTCswbwpYGgDg.1376230537552.1 -> 200 (303ms)
2013-08-11 16:15:49,148 - sauce_connect:0 - INFO - GET http://www.google.de/sdch/04-PPLH7.dct -> 200 (185ms)
2013-08-11 16:15:49,246 - sauce_connect:0 - INFO - GET http://www.google.de/s?gs_rn=24&gs_ri=psy-ab&cp=34&gs_id=3r&xhr=t&q=the%20answer%20to%20the%20question%20of%20life&es_nrs=true&pf=p&output=search&sclient=psy-ab&oq=&gs_l=&pbx=1&bav=on.2,or.r_qf.&bvm=bv.50500085,d.Yms&fp=477e3496065dcb71&biw=1024&bih=706&tch=1&ech=5&psi=iZwHUqCqGYTCswbwpYGgDg.1376230537552.1 -> 200 (88ms)
2013-08-11 16:15:49,364 - sauce_connect:0 - INFO - GET http://www.google.de/s?gs_rn=24&gs_ri=psy-ab&cp=30&gs_id=3a&xhr=t&q=the%20answer%20to%20the%20question%20of%20&es_nrs=true&pf=p&output=search&sclient=psy-ab&oq=&gs_l=&pbx=1&bav=on.2,or.r_qf.&bvm=bv.50500085,d.Yms&fp=477e3496065dcb71&biw=1024&bih=706&tch=1&ech=4&psi=iZwHUqCqGYTCswbwpYGgDg.1376230537552.1 -> 200 (401ms)
2013-08-11 16:15:50,130 - sauce_connect:0 - INFO - GET http://www.google.de/xjs/_/js/k=xjs.s.en_US.ciY8R2R6XC8.O/m=sy94,wta,adct,sy162,vs/am=AIo/rt=j/d=0/sv=1/rs=AItRSTMDL-KNhvkNCpchDjzacWu64IVaMw -> 200 (37ms)
2013-08-11 16:15:50,196 - sauce_connect:0 - INFO - GET http://www.google.de/gen_204?atyp=i&ct=&cad=&vet=10CC4Q-Cc&ei=kJwHUvj1LInetAaww4HQDQ&zx=1376230544379 -> 204 (46ms)
2013-08-11 16:15:50,392 - sauce_connect:0 - INFO - GET http://www.google.de/gen_204?v=3&s=web&action=&ei=kJwHUvj1LInetAaww4HQDQ&e=17259,4000116,4002855,4004949,4004953,4005610,4005875,4006037,4006727,4007080,4007229,4007638,4007661,4007714,4007779,4007829,4007862,4008067,4008133,4008142,4008210,4008298,4008423,4008488,4008502,4008540,4008561,4008567,4008673,4008725,4008799,4008807,4008826,4008941,4009003,4009017,4009085,4009201,4009282,4009366&cr=c&imp=3&pf=1&pfa=n.5,ttfc.444,ttlc.0,cbt.9&pfm=n.5,ttfc.704,ttlc.0,cbt.180&pmd=max.372,avg.40,0,157,0,20,1,0,0,3,0,7,372,1,0,1,36,3,5,1,1,193&imn=5&atyp=csi&adh=&rt=prt.374,pprt.375,ol.377,jsrt.712,iml.587,kpr.1130,bpl.8606 -> 204 (43ms)
2013-08-11 16:15:53,621 - sauce_connect:0 - INFO - GET http://www.google.de/gen_204?atyp=i&ct=1&cad=1&sqi=1&q=the%20answer%20to%20the%20question%20of%20life%20the%20universe%20and%20everything&oq=the%20answer%20to%20the%20question%20of%20life&gs_l=hp.10..0i19l3j0i22i30i19.5064.5490.0.10050.34.5.0.0.0.2.707.2672.3-2j0j2j1.5.0....0...1c.1.24.psy-ab..31.3.1269.l5_MvMTuPDw&ei=kJwHUvj1LInetAaww4HQDQ&zx=1376230547789 -> 204 (42ms)
2013-08-11 16:15:53,660 - sauce_connect:0 - INFO - GET http://www.google.de/url?sa=f&rct=j&url=http://de.wikipedia.org/wiki/42_(Antwort)&q=the+answer+to+the+question+of+life+the+universe+and+everything&ei=kJwHUvj1LInetAaww4HQDQ&usg=AFQjCNFGgU0795Oah8CK4oLjZLrx8Ybtfg -> 200 (61ms)
2013-08-11 16:15:54,645 - sauce_connect:0 - INFO - GET http://de.wikipedia.org/wiki/42_(Antwort) -> 200 (462ms)
2013-08-11 16:15:55,368 - sauce_connect:0 - INFO - GET http://upload.wikimedia.org/wikipedia/commons/thumb/a/a1/Qsicon_gesprochen.svg/30px-Qsicon_gesprochen.svg.png -> 200 (252ms)
2013-08-11 16:15:55,371 - sauce_connect:0 - INFO - GET http://upload.wikimedia.org/math/f/1/3/f1384e256116390d1c06435a4a425f42.png -> 200 (257ms)
2013-08-11 16:15:55,378 - sauce_connect:0 - INFO - GET http://bits.wikimedia.org/geoiplookup -> 200 (444ms)
2013-08-11 16:15:55,378 - sauce_connect:0 - INFO - GET http://upload.wikimedia.org/wikipedia/commons/thumb/a/a1/Qsicon_gesprochen.svg/15px-Qsicon_gesprochen.svg.png -> 200 (264ms)
2013-08-11 16:15:55,382 - sauce_connect:0 - INFO - GET http://bits.wikimedia.org/de.wikipedia.org/load.php?debug=false&lang=de&modules=site&only=styles&skin=vector&* -> 200 (456ms)
2013-08-11 16:15:55,391 - sauce_connect:0 - INFO - GET http://bits.wikimedia.org/de.wikipedia.org/load.php?debug=false&lang=de&modules=startup&only=scripts&skin=vector&* -> 200 (465ms)
2013-08-11 16:15:55,398 - sauce_connect:0 - INFO - GET http://bits.wikimedia.org/static-1.22wmf11/skins/common/images/magnify-clip.png -> 200 (464ms)
2013-08-11 16:15:55,411 - sauce_connect:0 - INFO - GET http://upload.wikimedia.org/wikipedia/de/thumb/1/10/42_Antwort.svg/220px-42_Antwort.svg.png -> 200 (477ms)
2013-08-11 16:15:55,414 - sauce_connect:0 - INFO - GET http://upload.wikimedia.org/math/9/b/d/9bd3f0cf282f6f6a386c24e1475368e3.png -> 200 (44ms)
2013-08-11 16:15:55,494 - sauce_connect:0 - INFO - GET http://bits.wikimedia.org/de.wikipedia.org/load.php?debug=false&lang=de&modules=ext.flaggedRevs.basic%7Cext.gadget.CommonsDirekt%2CWikiMiniAtlas%7Cext.rtlcite%2Cwikihiero%7Cext.uls.nojs%7Cmediawiki.legacy.commonPrint%2Cshared%7Cmw.PopUpMediaTransform%7Cskins.vector&only=styles&skin=vector&* -> 200 (577ms)
2013-08-11 16:15:55,630 - sauce_connect:0 - INFO - GET http://bits.wikimedia.org/static-1.22wmf11/skins/vector/images/search-ltr.png?303-4 -> 200 (50ms)
2013-08-11 16:15:55,821 - sauce_connect:0 - INFO - GET http://bits.wikimedia.org/static-1.22wmf11/skins/common/images/poweredby_mediawiki_88x31.png -> 200 (48ms)
2013-08-11 16:15:55,823 - sauce_connect:0 - INFO - GET http://bits.wikimedia.org/images/wikimedia-button.png -> 200 (51ms)
2013-08-11 16:15:56,158 - sauce_connect:0 - INFO - received SIGINT
